<?xml version="1.0" encoding="UTF-8"?>
<!-- Generated by org.testng.reporters.JUnitXMLReporter -->
<testsuite hostname="LENOVO" ignored="4" name="Default test" tests="1" failures="0" timestamp="18 Jan 2019 16:47:50 GMT" time="9.612" errors="0">
  <testcase name="getSingleUser" time="9.417" classname="com.qa.restassured.GetTests"/>
  <testcase name="listUsers" time="0.0" classname="com.qa.restassured.GetTests">
    <ignored/>
  </testcase> <!-- listUsers -->
  <testcase name="getUsers" time="0.0" classname="com.qa.restassured.GetTests">
    <ignored/>
  </testcase> <!-- getUsers -->
  <testcase name="singleUser" time="0.0" classname="com.qa.restassured.GetTests">
    <ignored/>
  </testcase> <!-- singleUser -->
  <testcase name="invalidUser" time="0.0" classname="com.qa.restassured.GetTests">
    <ignored/>
  </testcase> <!-- invalidUser -->
</testsuite> <!-- Default test -->
