<?xml version="1.0" encoding="UTF-8"?>
<testng-results skipped="0" failed="0" ignored="4" total="5" passed="1">
  <reporter-output>
  </reporter-output>
  <suite name="Default suite" duration-ms="9612" started-at="2019-01-18T16:47:40Z" finished-at="2019-01-18T16:47:50Z">
    <groups>
    </groups>
    <test name="Default test" duration-ms="9612" started-at="2019-01-18T16:47:40Z" finished-at="2019-01-18T16:47:50Z">
      <class name="com.qa.restassured.GetTests">
        <test-method status="PASS" signature="getSingleUser()[pri:0, instance:com.qa.restassured.GetTests@42e26948]" name="getSingleUser" duration-ms="9417" started-at="2019-01-18T16:47:40Z" finished-at="2019-01-18T16:47:50Z">
          <reporter-output>
          </reporter-output>
        </test-method> <!-- getSingleUser -->
      </class> <!-- com.qa.restassured.GetTests -->
    </test> <!-- Default test -->
  </suite> <!-- Default suite -->
</testng-results>
